[ 2017-09-07T19:15:01+08:00 ] 127.0.0.1 /
INFO: [ app_init ] --START--
INFO: Run Behavior\BuildLiteBehavior [ RunTime:0.000009s ]
INFO: [ app_init ] --END-- [ RunTime:0.000223s ]
INFO: [ app_begin ] --START--
INFO: Run Behavior\ReadHtmlCacheBehavior [ RunTime:0.000283s ]
INFO: [ app_begin ] --END-- [ RunTime:0.000314s ]
SQL: SHOW COLUMNS FROM `cms_menu` [ RunTime:0.0006s ]
SQL: SHOW COLUMNS FROM `cms_menu` [ RunTime:0.0005s ]
SQL: SELECT * FROM `cms_menu` WHERE `status` = 1 AND `type` = 0  [ RunTime:0.0004s ]
SQL: SHOW COLUMNS FROM `cms_position_content` [ RunTime:0.0035s ]
SQL: SHOW COLUMNS FROM `cms_position_content` [ RunTime:0.0107s ]
SQL: SELECT * FROM `cms_position_content` WHERE (  position_id = 2 ) AND `status` <> -1 ORDER BY listorder desc ,id desc  [ RunTime:0.0148s ]
SQL: SELECT * FROM `cms_position_content` WHERE (  position_id = 3 ) AND `status` <> -1 ORDER BY listorder desc ,id desc  [ RunTime:0.0030s ]
SQL: SELECT * FROM `cms_position_content` WHERE (  position_id = 5 ) AND `status` <> -1 ORDER BY listorder desc ,id desc  [ RunTime:0.0292s ]
NOTIC: [2048] Declaration of Common\Model\ContentModel::delete() should be compatible with Think\Model::delete($options = Array) /Library/WebServer/News/Application/Common/Model/ContentModel.class.php 第 123 行.
SQL: SHOW COLUMNS FROM `cms_news` [ RunTime:0.0110s ]
SQL: SHOW COLUMNS FROM `cms_news` [ RunTime:0.0030s ]
SQL: SELECT * FROM `cms_news` WHERE `status` <> -1 ORDER BY count desc LIMIT 0,4   [ RunTime:0.0024s ]
NOTIC: [8] Undefined offset: 1 /Library/WebServer/News/Application/Common/Model/ContentModel.class.php 第 28 行.
SQL: SELECT * FROM `cms_news` WHERE `status` <> -1 ORDER BY listorder desc, news_id desc  [ RunTime:0.0011s ]
SQL: SELECT `count` FROM `cms_news` WHERE ( news_id=23 ) LIMIT 1   [ RunTime:0.0039s ]
SQL: SELECT `count` FROM `cms_news` WHERE ( news_id=21 ) LIMIT 1   [ RunTime:0.0031s ]
INFO: [ view_parse ] --START--
INFO: [ template_filter ] --START--
INFO: Run Behavior\ContentReplaceBehavior [ RunTime:0.000107s ]
INFO: [ template_filter ] --END-- [ RunTime:0.000222s ]
NOTIC: [8] Undefined variable: config /Library/WebServer/News/Application/Runtime/Cache/Home/2a94b8bda04ff446dcedd42276fc99ee.php 第 5 行.
NOTIC: [8] Undefined variable: config /Library/WebServer/News/Application/Runtime/Cache/Home/2a94b8bda04ff446dcedd42276fc99ee.php 第 6 行.
NOTIC: [8] Undefined variable: config /Library/WebServer/News/Application/Runtime/Cache/Home/2a94b8bda04ff446dcedd42276fc99ee.php 第 7 行.
NOTIC: [8] Undefined index: catId /Library/WebServer/News/Application/Runtime/Cache/Home/2a94b8bda04ff446dcedd42276fc99ee.php 第 21 行.
NOTIC: [8] Undefined index: catId /Library/WebServer/News/Application/Runtime/Cache/Home/2a94b8bda04ff446dcedd42276fc99ee.php 第 22 行.
NOTIC: [8] Undefined index: catId /Library/WebServer/News/Application/Runtime/Cache/Home/2a94b8bda04ff446dcedd42276fc99ee.php 第 22 行.
NOTIC: [8] Undefined index: catId /Library/WebServer/News/Application/Runtime/Cache/Home/2a94b8bda04ff446dcedd42276fc99ee.php 第 22 行.
NOTIC: [8] Undefined index: catId /Library/WebServer/News/Application/Runtime/Cache/Home/2a94b8bda04ff446dcedd42276fc99ee.php 第 22 行.
NOTIC: [8] Undefined index: catId /Library/WebServer/News/Application/Runtime/Cache/Home/2a94b8bda04ff446dcedd42276fc99ee.php 第 22 行.
NOTIC: [8] Undefined index: name /Library/WebServer/News/Application/Runtime/Cache/Home/2a94b8bda04ff446dcedd42276fc99ee.php 第 83 行.
NOTIC: [8] Undefined index: name /Library/WebServer/News/Application/Runtime/Cache/Home/2a94b8bda04ff446dcedd42276fc99ee.php 第 83 行.
NOTIC: [8] Undefined index: name /Library/WebServer/News/Application/Runtime/Cache/Home/2a94b8bda04ff446dcedd42276fc99ee.php 第 83 行.
INFO: Run Behavior\ParseTemplateBehavior [ RunTime:0.032023s ]
INFO: [ view_parse ] --END-- [ RunTime:0.032084s ]
INFO: [ view_filter ] --START--
INFO: Run Behavior\WriteHtmlCacheBehavior [ RunTime:0.000239s ]
INFO: [ view_filter ] --END-- [ RunTime:0.000744s ]
INFO: [ app_end ] --START--
INFO: Run Behavior\ShowPageTraceBehavior [ RunTime:0.001158s ]
INFO: [ app_end ] --END-- [ RunTime:0.001428s ]

[ 2017-09-07T19:15:04+08:00 ] 127.0.0.1 /
INFO: [ app_init ] --START--
INFO: Run Behavior\BuildLiteBehavior [ RunTime:0.000015s ]
INFO: [ app_init ] --END-- [ RunTime:0.000386s ]
INFO: [ app_begin ] --START--
INFO: Run Behavior\ReadHtmlCacheBehavior [ RunTime:0.000855s ]
INFO: [ app_begin ] --END-- [ RunTime:0.001298s ]
SQL: SHOW COLUMNS FROM `cms_menu` [ RunTime:0.0008s ]
SQL: SHOW COLUMNS FROM `cms_menu` [ RunTime:0.0005s ]
SQL: SELECT * FROM `cms_menu` WHERE `status` = 1 AND `type` = 0  [ RunTime:0.0004s ]
SQL: SHOW COLUMNS FROM `cms_position_content` [ RunTime:0.0008s ]
SQL: SHOW COLUMNS FROM `cms_position_content` [ RunTime:0.0005s ]
SQL: SELECT * FROM `cms_position_content` WHERE (  position_id = 2 ) AND `status` <> -1 ORDER BY listorder desc ,id desc  [ RunTime:0.0005s ]
SQL: SELECT * FROM `cms_position_content` WHERE (  position_id = 3 ) AND `status` <> -1 ORDER BY listorder desc ,id desc  [ RunTime:0.0005s ]
SQL: SELECT * FROM `cms_position_content` WHERE (  position_id = 5 ) AND `status` <> -1 ORDER BY listorder desc ,id desc  [ RunTime:0.0004s ]
NOTIC: [2048] Declaration of Common\Model\ContentModel::delete() should be compatible with Think\Model::delete($options = Array) /Library/WebServer/News/Application/Common/Model/ContentModel.class.php 第 123 行.
SQL: SHOW COLUMNS FROM `cms_news` [ RunTime:0.0007s ]
SQL: SHOW COLUMNS FROM `cms_news` [ RunTime:0.0005s ]
SQL: SELECT * FROM `cms_news` WHERE `status` <> -1 ORDER BY count desc LIMIT 0,4   [ RunTime:0.0020s ]
NOTIC: [8] Undefined offset: 1 /Library/WebServer/News/Application/Common/Model/ContentModel.class.php 第 28 行.
SQL: SELECT * FROM `cms_news` WHERE `status` <> -1 ORDER BY listorder desc, news_id desc  [ RunTime:0.0007s ]
SQL: SELECT `count` FROM `cms_news` WHERE ( news_id=23 ) LIMIT 1   [ RunTime:0.0003s ]
SQL: SELECT `count` FROM `cms_news` WHERE ( news_id=21 ) LIMIT 1   [ RunTime:0.0003s ]
INFO: [ view_parse ] --START--
INFO: [ template_filter ] --START--
INFO: Run Behavior\ContentReplaceBehavior [ RunTime:0.000039s ]
INFO: [ template_filter ] --END-- [ RunTime:0.000076s ]
NOTIC: [8] Undefined variable: config /Library/WebServer/News/Application/Runtime/Cache/Home/2a94b8bda04ff446dcedd42276fc99ee.php 第 5 行.
NOTIC: [8] Undefined variable: config /Library/WebServer/News/Application/Runtime/Cache/Home/2a94b8bda04ff446dcedd42276fc99ee.php 第 6 行.
NOTIC: [8] Undefined variable: config /Library/WebServer/News/Application/Runtime/Cache/Home/2a94b8bda04ff446dcedd42276fc99ee.php 第 7 行.
NOTIC: [8] Undefined index: catId /Library/WebServer/News/Application/Runtime/Cache/Home/2a94b8bda04ff446dcedd42276fc99ee.php 第 21 行.
NOTIC: [8] Undefined index: catId /Library/WebServer/News/Application/Runtime/Cache/Home/2a94b8bda04ff446dcedd42276fc99ee.php 第 22 行.
NOTIC: [8] Undefined index: catId /Library/WebServer/News/Application/Runtime/Cache/Home/2a94b8bda04ff446dcedd42276fc99ee.php 第 22 行.
NOTIC: [8] Undefined index: catId /Library/WebServer/News/Application/Runtime/Cache/Home/2a94b8bda04ff446dcedd42276fc99ee.php 第 22 行.
NOTIC: [8] Undefined index: catId /Library/WebServer/News/Application/Runtime/Cache/Home/2a94b8bda04ff446dcedd42276fc99ee.php 第 22 行.
NOTIC: [8] Undefined index: catId /Library/WebServer/News/Application/Runtime/Cache/Home/2a94b8bda04ff446dcedd42276fc99ee.php 第 22 行.
NOTIC: [8] Undefined index: name /Library/WebServer/News/Application/Runtime/Cache/Home/2a94b8bda04ff446dcedd42276fc99ee.php 第 83 行.
NOTIC: [8] Undefined index: name /Library/WebServer/News/Application/Runtime/Cache/Home/2a94b8bda04ff446dcedd42276fc99ee.php 第 83 行.
NOTIC: [8] Undefined index: name /Library/WebServer/News/Application/Runtime/Cache/Home/2a94b8bda04ff446dcedd42276fc99ee.php 第 83 行.
INFO: Run Behavior\ParseTemplateBehavior [ RunTime:0.014052s ]
INFO: [ view_parse ] --END-- [ RunTime:0.014085s ]
INFO: [ view_filter ] --START--
INFO: Run Behavior\WriteHtmlCacheBehavior [ RunTime:0.000113s ]
INFO: [ view_filter ] --END-- [ RunTime:0.000134s ]
INFO: [ app_end ] --START--
INFO: Run Behavior\ShowPageTraceBehavior [ RunTime:0.000278s ]
INFO: [ app_end ] --END-- [ RunTime:0.000303s ]

[ 2017-09-07T19:15:08+08:00 ] 127.0.0.1 /
INFO: [ app_init ] --START--
INFO: Run Behavior\BuildLiteBehavior [ RunTime:0.000059s ]
INFO: [ app_init ] --END-- [ RunTime:0.000313s ]
INFO: [ app_begin ] --START--
INFO: Run Behavior\ReadHtmlCacheBehavior [ RunTime:0.000632s ]
INFO: [ app_begin ] --END-- [ RunTime:0.000701s ]
SQL: SHOW COLUMNS FROM `cms_menu` [ RunTime:0.0006s ]
SQL: SHOW COLUMNS FROM `cms_menu` [ RunTime:0.0005s ]
SQL: SELECT * FROM `cms_menu` WHERE `status` = 1 AND `type` = 0  [ RunTime:0.0003s ]
SQL: SHOW COLUMNS FROM `cms_position_content` [ RunTime:0.0006s ]
SQL: SHOW COLUMNS FROM `cms_position_content` [ RunTime:0.0005s ]
SQL: SELECT * FROM `cms_position_content` WHERE (  position_id = 2 ) AND `status` <> -1 ORDER BY listorder desc ,id desc  [ RunTime:0.0004s ]
SQL: SELECT * FROM `cms_position_content` WHERE (  position_id = 3 ) AND `status` <> -1 ORDER BY listorder desc ,id desc  [ RunTime:0.0004s ]
SQL: SELECT * FROM `cms_position_content` WHERE (  position_id = 5 ) AND `status` <> -1 ORDER BY listorder desc ,id desc  [ RunTime:0.0004s ]
NOTIC: [2048] Declaration of Common\Model\ContentModel::delete() should be compatible with Think\Model::delete($options = Array) /Library/WebServer/News/Application/Common/Model/ContentModel.class.php 第 123 行.
SQL: SHOW COLUMNS FROM `cms_news` [ RunTime:0.0006s ]
SQL: SHOW COLUMNS FROM `cms_news` [ RunTime:0.0005s ]
SQL: SELECT * FROM `cms_news` WHERE `status` <> -1 ORDER BY count desc LIMIT 0,4   [ RunTime:0.0005s ]
NOTIC: [8] Undefined offset: 1 /Library/WebServer/News/Application/Common/Model/ContentModel.class.php 第 28 行.
SQL: SELECT * FROM `cms_news` WHERE `status` <> -1 ORDER BY listorder desc, news_id desc  [ RunTime:0.0021s ]
SQL: SELECT `count` FROM `cms_news` WHERE ( news_id=23 ) LIMIT 1   [ RunTime:0.0004s ]
SQL: SELECT `count` FROM `cms_news` WHERE ( news_id=21 ) LIMIT 1   [ RunTime:0.0003s ]
INFO: [ view_parse ] --START--
INFO: [ template_filter ] --START--
INFO: Run Behavior\ContentReplaceBehavior [ RunTime:0.000033s ]
INFO: [ template_filter ] --END-- [ RunTime:0.000069s ]
NOTIC: [8] Undefined variable: config /Library/WebServer/News/Application/Runtime/Cache/Home/2a94b8bda04ff446dcedd42276fc99ee.php 第 5 行.
NOTIC: [8] Undefined variable: config /Library/WebServer/News/Application/Runtime/Cache/Home/2a94b8bda04ff446dcedd42276fc99ee.php 第 6 行.
NOTIC: [8] Undefined variable: config /Library/WebServer/News/Application/Runtime/Cache/Home/2a94b8bda04ff446dcedd42276fc99ee.php 第 7 行.
NOTIC: [8] Undefined index: catId /Library/WebServer/News/Application/Runtime/Cache/Home/2a94b8bda04ff446dcedd42276fc99ee.php 第 21 行.
NOTIC: [8] Undefined index: catId /Library/WebServer/News/Application/Runtime/Cache/Home/2a94b8bda04ff446dcedd42276fc99ee.php 第 22 行.
NOTIC: [8] Undefined index: catId /Library/WebServer/News/Application/Runtime/Cache/Home/2a94b8bda04ff446dcedd42276fc99ee.php 第 22 行.
NOTIC: [8] Undefined index: catId /Library/WebServer/News/Application/Runtime/Cache/Home/2a94b8bda04ff446dcedd42276fc99ee.php 第 22 行.
NOTIC: [8] Undefined index: catId /Library/WebServer/News/Application/Runtime/Cache/Home/2a94b8bda04ff446dcedd42276fc99ee.php 第 22 行.
NOTIC: [8] Undefined index: catId /Library/WebServer/News/Application/Runtime/Cache/Home/2a94b8bda04ff446dcedd42276fc99ee.php 第 22 行.
NOTIC: [8] Undefined index: name /Library/WebServer/News/Application/Runtime/Cache/Home/2a94b8bda04ff446dcedd42276fc99ee.php 第 83 行.
NOTIC: [8] Undefined index: name /Library/WebServer/News/Application/Runtime/Cache/Home/2a94b8bda04ff446dcedd42276fc99ee.php 第 83 行.
NOTIC: [8] Undefined index: name /Library/WebServer/News/Application/Runtime/Cache/Home/2a94b8bda04ff446dcedd42276fc99ee.php 第 83 行.
INFO: Run Behavior\ParseTemplateBehavior [ RunTime:0.010123s ]
INFO: [ view_parse ] --END-- [ RunTime:0.010154s ]
INFO: [ view_filter ] --START--
INFO: Run Behavior\WriteHtmlCacheBehavior [ RunTime:0.000105s ]
INFO: [ view_filter ] --END-- [ RunTime:0.000128s ]
INFO: [ app_end ] --START--
INFO: Run Behavior\ShowPageTraceBehavior [ RunTime:0.000295s ]
INFO: [ app_end ] --END-- [ RunTime:0.000320s ]

[ 2017-09-07T19:15:11+08:00 ] 127.0.0.1 /
INFO: [ app_init ] --START--
INFO: Run Behavior\BuildLiteBehavior [ RunTime:0.000027s ]
INFO: [ app_init ] --END-- [ RunTime:0.000351s ]
INFO: [ app_begin ] --START--
INFO: Run Behavior\ReadHtmlCacheBehavior [ RunTime:0.000338s ]
INFO: [ app_begin ] --END-- [ RunTime:0.000412s ]
SQL: SHOW COLUMNS FROM `cms_menu` [ RunTime:0.0007s ]
SQL: SHOW COLUMNS FROM `cms_menu` [ RunTime:0.0005s ]
SQL: SELECT * FROM `cms_menu` WHERE `status` = 1 AND `type` = 0  [ RunTime:0.0004s ]
SQL: SHOW COLUMNS FROM `cms_position_content` [ RunTime:0.0009s ]
SQL: SHOW COLUMNS FROM `cms_position_content` [ RunTime:0.0007s ]
SQL: SELECT * FROM `cms_position_content` WHERE (  position_id = 2 ) AND `status` <> -1 ORDER BY listorder desc ,id desc  [ RunTime:0.0004s ]
SQL: SELECT * FROM `cms_position_content` WHERE (  position_id = 3 ) AND `status` <> -1 ORDER BY listorder desc ,id desc  [ RunTime:0.0003s ]
SQL: SELECT * FROM `cms_position_content` WHERE (  position_id = 5 ) AND `status` <> -1 ORDER BY listorder desc ,id desc  [ RunTime:0.0003s ]
NOTIC: [2048] Declaration of Common\Model\ContentModel::delete() should be compatible with Think\Model::delete($options = Array) /Library/WebServer/News/Application/Common/Model/ContentModel.class.php 第 123 行.
SQL: SHOW COLUMNS FROM `cms_news` [ RunTime:0.0010s ]
SQL: SHOW COLUMNS FROM `cms_news` [ RunTime:0.0007s ]
SQL: SELECT * FROM `cms_news` WHERE `status` <> -1 ORDER BY count desc LIMIT 0,4   [ RunTime:0.0011s ]
NOTIC: [8] Undefined offset: 1 /Library/WebServer/News/Application/Common/Model/ContentModel.class.php 第 28 行.
SQL: SELECT * FROM `cms_news` WHERE `status` <> -1 ORDER BY listorder desc, news_id desc  [ RunTime:0.0004s ]
SQL: SELECT `count` FROM `cms_news` WHERE ( news_id=23 ) LIMIT 1   [ RunTime:0.0003s ]
SQL: SELECT `count` FROM `cms_news` WHERE ( news_id=21 ) LIMIT 1   [ RunTime:0.0002s ]
INFO: [ view_parse ] --START--
INFO: [ template_filter ] --START--
INFO: Run Behavior\ContentReplaceBehavior [ RunTime:0.000038s ]
INFO: [ template_filter ] --END-- [ RunTime:0.000076s ]
NOTIC: [8] Undefined variable: config /Library/WebServer/News/Application/Runtime/Cache/Home/2a94b8bda04ff446dcedd42276fc99ee.php 第 5 行.
NOTIC: [8] Undefined variable: config /Library/WebServer/News/Application/Runtime/Cache/Home/2a94b8bda04ff446dcedd42276fc99ee.php 第 6 行.
NOTIC: [8] Undefined variable: config /Library/WebServer/News/Application/Runtime/Cache/Home/2a94b8bda04ff446dcedd42276fc99ee.php 第 7 行.
NOTIC: [8] Undefined index: catId /Library/WebServer/News/Application/Runtime/Cache/Home/2a94b8bda04ff446dcedd42276fc99ee.php 第 21 行.
NOTIC: [8] Undefined index: catId /Library/WebServer/News/Application/Runtime/Cache/Home/2a94b8bda04ff446dcedd42276fc99ee.php 第 22 行.
NOTIC: [8] Undefined index: catId /Library/WebServer/News/Application/Runtime/Cache/Home/2a94b8bda04ff446dcedd42276fc99ee.php 第 22 行.
NOTIC: [8] Undefined index: catId /Library/WebServer/News/Application/Runtime/Cache/Home/2a94b8bda04ff446dcedd42276fc99ee.php 第 22 行.
NOTIC: [8] Undefined index: catId /Library/WebServer/News/Application/Runtime/Cache/Home/2a94b8bda04ff446dcedd42276fc99ee.php 第 22 行.
NOTIC: [8] Undefined index: catId /Library/WebServer/News/Application/Runtime/Cache/Home/2a94b8bda04ff446dcedd42276fc99ee.php 第 22 行.
NOTIC: [8] Undefined index: name /Library/WebServer/News/Application/Runtime/Cache/Home/2a94b8bda04ff446dcedd42276fc99ee.php 第 83 行.
NOTIC: [8] Undefined index: name /Library/WebServer/News/Application/Runtime/Cache/Home/2a94b8bda04ff446dcedd42276fc99ee.php 第 83 行.
NOTIC: [8] Undefined index: name /Library/WebServer/News/Application/Runtime/Cache/Home/2a94b8bda04ff446dcedd42276fc99ee.php 第 83 行.
INFO: Run Behavior\ParseTemplateBehavior [ RunTime:0.009100s ]
INFO: [ view_parse ] --END-- [ RunTime:0.009131s ]
INFO: [ view_filter ] --START--
INFO: Run Behavior\WriteHtmlCacheBehavior [ RunTime:0.000124s ]
INFO: [ view_filter ] --END-- [ RunTime:0.000149s ]
INFO: [ app_end ] --START--
INFO: Run Behavior\ShowPageTraceBehavior [ RunTime:0.000386s ]
INFO: [ app_end ] --END-- [ RunTime:0.000415s ]

[ 2017-09-07T19:15:22+08:00 ] 127.0.0.1 /
INFO: [ app_init ] --START--
INFO: Run Behavior\BuildLiteBehavior [ RunTime:0.000013s ]
INFO: [ app_init ] --END-- [ RunTime:0.000350s ]
INFO: [ app_begin ] --START--
INFO: Run Behavior\ReadHtmlCacheBehavior [ RunTime:0.000311s ]
INFO: [ app_begin ] --END-- [ RunTime:0.000350s ]
SQL: SHOW COLUMNS FROM `cms_menu` [ RunTime:0.0007s ]
SQL: SHOW COLUMNS FROM `cms_menu` [ RunTime:0.0005s ]
SQL: SELECT * FROM `cms_menu` WHERE `status` = 1 AND `type` = 0  [ RunTime:0.0003s ]
SQL: SHOW COLUMNS FROM `cms_position_content` [ RunTime:0.0006s ]
SQL: SHOW COLUMNS FROM `cms_position_content` [ RunTime:0.0005s ]
SQL: SELECT * FROM `cms_position_content` WHERE (  position_id = 2 ) AND `status` <> -1 ORDER BY listorder desc ,id desc  [ RunTime:0.0004s ]
SQL: SELECT * FROM `cms_position_content` WHERE (  position_id = 3 ) AND `status` <> -1 ORDER BY listorder desc ,id desc  [ RunTime:0.0004s ]
SQL: SELECT * FROM `cms_position_content` WHERE (  position_id = 5 ) AND `status` <> -1 ORDER BY listorder desc ,id desc  [ RunTime:0.0003s ]
NOTIC: [2048] Declaration of Common\Model\ContentModel::delete() should be compatible with Think\Model::delete($options = Array) /Library/WebServer/News/Application/Common/Model/ContentModel.class.php 第 123 行.
SQL: SHOW COLUMNS FROM `cms_news` [ RunTime:0.0006s ]
SQL: SHOW COLUMNS FROM `cms_news` [ RunTime:0.0005s ]
SQL: SELECT * FROM `cms_news` WHERE `status` <> -1 ORDER BY count desc LIMIT 0,4   [ RunTime:0.0005s ]
NOTIC: [8] Undefined offset: 1 /Library/WebServer/News/Application/Common/Model/ContentModel.class.php 第 28 行.
SQL: SELECT * FROM `cms_news` WHERE `status` <> -1 ORDER BY listorder desc, news_id desc  [ RunTime:0.0006s ]
SQL: SELECT `count` FROM `cms_news` WHERE ( news_id=23 ) LIMIT 1   [ RunTime:0.0003s ]
SQL: SELECT `count` FROM `cms_news` WHERE ( news_id=21 ) LIMIT 1   [ RunTime:0.0003s ]
INFO: [ view_parse ] --START--
INFO: [ template_filter ] --START--
INFO: Run Behavior\ContentReplaceBehavior [ RunTime:0.000070s ]
INFO: [ template_filter ] --END-- [ RunTime:0.000116s ]
NOTIC: [8] Undefined variable: config /Library/WebServer/News/Application/Runtime/Cache/Home/2a94b8bda04ff446dcedd42276fc99ee.php 第 5 行.
NOTIC: [8] Undefined variable: config /Library/WebServer/News/Application/Runtime/Cache/Home/2a94b8bda04ff446dcedd42276fc99ee.php 第 6 行.
NOTIC: [8] Undefined variable: config /Library/WebServer/News/Application/Runtime/Cache/Home/2a94b8bda04ff446dcedd42276fc99ee.php 第 7 行.
NOTIC: [8] Undefined index: catId /Library/WebServer/News/Application/Runtime/Cache/Home/2a94b8bda04ff446dcedd42276fc99ee.php 第 21 行.
NOTIC: [8] Undefined index: catId /Library/WebServer/News/Application/Runtime/Cache/Home/2a94b8bda04ff446dcedd42276fc99ee.php 第 22 行.
NOTIC: [8] Undefined index: catId /Library/WebServer/News/Application/Runtime/Cache/Home/2a94b8bda04ff446dcedd42276fc99ee.php 第 22 行.
NOTIC: [8] Undefined index: catId /Library/WebServer/News/Application/Runtime/Cache/Home/2a94b8bda04ff446dcedd42276fc99ee.php 第 22 行.
NOTIC: [8] Undefined index: catId /Library/WebServer/News/Application/Runtime/Cache/Home/2a94b8bda04ff446dcedd42276fc99ee.php 第 22 行.
NOTIC: [8] Undefined index: catId /Library/WebServer/News/Application/Runtime/Cache/Home/2a94b8bda04ff446dcedd42276fc99ee.php 第 22 行.
NOTIC: [8] Undefined index: name /Library/WebServer/News/Application/Runtime/Cache/Home/2a94b8bda04ff446dcedd42276fc99ee.php 第 83 行.
NOTIC: [8] Undefined index: name /Library/WebServer/News/Application/Runtime/Cache/Home/2a94b8bda04ff446dcedd42276fc99ee.php 第 83 行.
NOTIC: [8] Undefined index: name /Library/WebServer/News/Application/Runtime/Cache/Home/2a94b8bda04ff446dcedd42276fc99ee.php 第 83 行.
INFO: Run Behavior\ParseTemplateBehavior [ RunTime:0.015495s ]
INFO: [ view_parse ] --END-- [ RunTime:0.015532s ]
INFO: [ view_filter ] --START--
INFO: Run Behavior\WriteHtmlCacheBehavior [ RunTime:0.000265s ]
INFO: [ view_filter ] --END-- [ RunTime:0.000323s ]
INFO: [ app_end ] --START--
INFO: Run Behavior\ShowPageTraceBehavior [ RunTime:0.000475s ]
INFO: [ app_end ] --END-- [ RunTime:0.000509s ]

